<?xml version="1.0" encoding="UTF-8"?>
<testsuite name="FinishTest" time="61.274" tests="1" errors="0" skipped="0" failures="1">
  <properties>
[...]
</properties>
  <testcase name="testFinish" classname="FinishTest" time="61.274">
    <failure type="java.lang.NullPointerException:">java.lang.NullPointerException: null
	at sun.reflect.NativeMethodAccessorImpl.invoke0(Native Method)
	at sun.reflect.NativeMethodAccessorImpl.invoke(NativeMethodAccessorImpl.java:62)
	at sun.reflect.DelegatingMethodAccessorImpl.invoke(DelegatingMethodAccessorImpl.java:43)
	at java.lang.reflect.Method.invoke(Method.java:498)
	at org.openqa.selenium.support.pagefactory.internal.LocatingElementHandler.invoke(LocatingElementHandler.java:51)
	at com.sun.proxy.$Proxy9.click(Unknown Source)
	at ru.antipov.autotest.steps.RegistrationSteps.clickNext(RegistrationSteps.java:27)
	at FinishTest.testFinish(FinishTest.java:21)
</failure>
    <system-out><![CDATA[Configuring TestNG with: TestNG652Configurator
https://www.youtube.com/
]]></system-out>
    <system-err><![CDATA[Starting ChromeDriver 2.29.461591 (62ebf098771772160f391d75e589dc567915b233) on port 29202
Only local connections are allowed.
]]></system-err>
  </testcase>
</testsuite>